  main.cpp
C:\Users\juanq\source\repos\Project1\Project1\main.cpp(44,3): warning C4305: 'inicializando': truncamiento de 'double' a 'float'
C:\Users\juanq\source\repos\Project1\Project1\main.cpp(45,3): warning C4305: 'inicializando': truncamiento de 'double' a 'float'
C:\Users\juanq\source\repos\Project1\Project1\main.cpp(45,8): warning C4305: 'inicializando': truncamiento de 'double' a 'float'
C:\Users\juanq\source\repos\Project1\Project1\main.cpp(45,13): warning C4305: 'inicializando': truncamiento de 'double' a 'float'
C:\Users\juanq\source\repos\Project1\Project1\main.cpp(46,3): warning C4305: 'inicializando': truncamiento de 'double' a 'float'
C:\Users\juanq\source\repos\Project1\Project1\main.cpp(46,8): warning C4305: 'inicializando': truncamiento de 'double' a 'float'
C:\Users\juanq\source\repos\Project1\Project1\main.cpp(46,13): warning C4305: 'inicializando': truncamiento de 'double' a 'float'
C:\Users\juanq\source\repos\Project1\Project1\main.cpp(47,3): warning C4305: 'inicializando': truncamiento de 'double' a 'float'
C:\Users\juanq\source\repos\Project1\Project1\main.cpp(47,8): warning C4305: 'inicializando': truncamiento de 'double' a 'float'
C:\Users\juanq\source\repos\Project1\Project1\main.cpp(47,13): warning C4305: 'inicializando': truncamiento de 'double' a 'float'
C:\Users\juanq\source\repos\Project1\Project1\main.cpp(48,8): warning C4305: 'inicializando': truncamiento de 'double' a 'float'
C:\Users\juanq\source\repos\Project1\Project1\main.cpp(48,13): warning C4305: 'inicializando': truncamiento de 'double' a 'float'
C:\Users\juanq\source\repos\Project1\Project1\main.cpp(49,3): warning C4305: 'inicializando': truncamiento de 'double' a 'float'
C:\Users\juanq\source\repos\Project1\Project1\main.cpp(49,8): warning C4305: 'inicializando': truncamiento de 'double' a 'float'
C:\Users\juanq\source\repos\Project1\Project1\main.cpp(49,13): warning C4305: 'inicializando': truncamiento de 'double' a 'float'
C:\Users\juanq\source\repos\Project1\Project1\main.cpp(54,3): warning C4305: 'inicializando': truncamiento de 'double' a 'float'
C:\Users\juanq\source\repos\Project1\Project1\main.cpp(54,13): warning C4305: 'inicializando': truncamiento de 'double' a 'float'
C:\Users\juanq\source\repos\Project1\Project1\main.cpp(55,3): warning C4305: 'inicializando': truncamiento de 'double' a 'float'
C:\Users\juanq\source\repos\Project1\Project1\main.cpp(55,8): warning C4305: 'inicializando': truncamiento de 'double' a 'float'
C:\Users\juanq\source\repos\Project1\Project1\main.cpp(55,13): warning C4305: 'inicializando': truncamiento de 'double' a 'float'
C:\Users\juanq\source\repos\Project1\Project1\main.cpp(59,24): warning C4305: 'inicializando': truncamiento de 'double' a 'float'
C:\Users\juanq\source\repos\Project1\Project1\main.cpp(60,24): warning C4305: 'inicializando': truncamiento de 'double' a 'float'
C:\Users\juanq\source\repos\Project1\Project1\main.cpp(82,58): warning C4305: 'inicializando': truncamiento de 'double' a 'float'
C:\Users\juanq\source\repos\Project1\Project1\main.cpp(183,21): warning C4305: '+=': truncamiento de 'double' a 'float'
C:\Users\juanq\source\repos\Project1\Project1\main.cpp(188,43): warning C4305: '+=': truncamiento de 'double' a 'float'
C:\Users\juanq\source\repos\Project1\Project1\main.cpp(191,43): warning C4305: '-=': truncamiento de 'double' a 'float'
C:\Users\juanq\source\repos\Project1\Project1\main.cpp(195,47): warning C4305: '-=': truncamiento de 'double' a 'float'
C:\Users\juanq\source\repos\Project1\Project1\main.cpp(197,48): warning C4305: '+=': truncamiento de 'double' a 'float'
  Project1.vcxproj -> C:\Users\juanq\source\repos\Project1\x64\Debug\Project1.exe
